#
# There is insufficient memory for the Java Runtime Environment to continue.
# Native memory allocation (malloc) failed to allocate 1048576 bytes. Error detail: AllocateHeap
# Possible reasons:
#   The system is out of physical RAM or swap space
#   This process is running with CompressedOops enabled, and the Java Heap may be blocking the growth of the native heap
# Possible solutions:
#   Reduce memory load on the system
#   Increase physical memory or swap space
#   Check if swap backing store is full
#   Decrease Java heap size (-Xmx/-Xms)
#   Decrease number of Java threads
#   Decrease Java thread stack sizes (-Xss)
#   Set larger code cache with -XX:ReservedCodeCacheSize=
#   JVM is running with Unscaled Compressed Oops mode in which the Java heap is
#     placed in the first 4GB address space. The Java Heap base address is the
#     maximum limit for the native heap growth. Please use -XX:HeapBaseMinAddress
#     to set the Java Heap base and to place the Java Heap above 4GB virtual address.
# This output file may be truncated or incomplete.
#
#  Out of Memory Error (allocation.cpp:44), pid=8620, tid=8148
#
# JRE version:  (17.0.13+11) (build )
# Java VM: OpenJDK 64-Bit Server VM (17.0.13+11, mixed mode, sharing, tiered, compressed oops, compressed class ptrs, g1 gc, windows-amd64)
# No core dump will be written. Minidumps are not enabled by default on client versions of Windows
#

---------------  S U M M A R Y ------------

Command Line: -Dorg.gradle.appname=gradlew org.gradle.wrapper.GradleWrapperMain -q -Ptarget-platform=android-arm64 -Ptarget=D:\clean_madurai_code\lib\main.dart -Pbase-application-name=android.app.Application -Pdart-defines=RkxVVFRFUl9WRVJTSU9OPTMuMzUuNQ==,RkxVVFRFUl9DSEFOTkVMPXN0YWJsZQ==,RkxVVFRFUl9HSVRfVVJMPWh0dHBzOi8vZ2l0aHViLmNvbS9mbHV0dGVyL2ZsdXR0ZXIuZ2l0,RkxVVFRFUl9GUkFNRVdPUktfUkVWSVNJT049YWM0ZTc5OWQyMw==,RkxVVFRFUl9FTkdJTkVfUkVWSVNJT049ZDNkNDVkY2YyNQ==,RkxVVFRFUl9EQVJUX1ZFUlNJT049My45LjI= -Pdart-obfuscation=false -Ptrack-widget-creation=true -Ptree-shake-icons=false -Pfilesystem-scheme=org-dartlang-root assembleDebug

Host: 12th Gen Intel(R) Core(TM) i3-1215U, 8 cores, 7G,  Windows 11 , 64 bit Build 26100 (10.0.26100.7920)
Time: Fri Feb 27 18:40:13 2026 India Standard Time elapsed time: 1.017278 seconds (0d 0h 0m 1s)

---------------  T H R E A D  ---------------

Current thread (0x000001e20aaeae90):  JavaThread "Unknown thread" [_thread_in_vm, id=8148, stack(0x000000c21e800000,0x000000c21e900000)]

Stack: [0x000000c21e800000,0x000000c21e900000]
Native frames: (J=compiled Java code, j=interpreted, Vv=VM code, C=native code)
V  [jvm.dll+0x682a19]
V  [jvm.dll+0x839538]
V  [jvm.dll+0x83afe3]
V  [jvm.dll+0x83b653]
V  [jvm.dll+0x24704f]
V  [jvm.dll+0xa7543]
V  [jvm.dll+0x2e5222]
V  [jvm.dll+0x2dcd4b]
V  [jvm.dll+0x80b44b]
V  [jvm.dll+0x36b491]
V  [jvm.dll+0x7e9e3f]
V  [jvm.dll+0x3f1d7f]
V  [jvm.dll+0x3f38b1]
C  [jli.dll+0x5278]
C  [ucrtbase.dll+0x37b0]
C  [KERNEL32.DLL+0x2e8d7]
C  [ntdll.dll+0x8c48c]


---------------  P R O C E S S  ---------------

Threads class SMR info:
_java_thread_list=0x00007fff72f97f58, length=0, elements={
}

Java Threads: ( => current thread )

Other Threads:
  0x000001e20ab46cb0 GCTaskThread "GC Thread#0" [stack: 0x000000c21e900000,0x000000c21ea00000] [id=7672]

[error occurred during error reporting (printing all threads), id 0xc0000005, EXCEPTION_ACCESS_VIOLATION (0xc0000005) at pc=0x00007fff72749f00]

VM state: not at safepoint (not fully initialized)

VM Mutex/Monitor currently owned by a thread:  ([mutex/lock_event])
[0x000001e20aae5a90] Heap_lock - owner thread: 0x000001e20aaeae90

Heap address: 0x0000000084e00000, size: 1970 MB, Compressed Oops mode: 32-bit

CDS archive(s) mapped at: [0x0000000000000000-0x0000000000000000-0x0000000000000000), size 0, SharedBaseAddress: 0x0000000800000000, ArchiveRelocationMode: 1.
Narrow klass base: 0x0000000000000000, Narrow klass shift: 0, Narrow klass range: 0x0

GC Precious Log:
<Empty>

Heap:
 garbage-first heap   total 0K, used 0K [0x0000000084e00000, 0x0000000100000000)
  region size 1024K, 0 young (0K), 0 survivors (0K)

[error occurred during error reporting (printing heap information), id 0xc0000005, EXCEPTION_ACCESS_VIOLATION (0xc0000005) at pc=0x00007fff72b3c179]

GC Heap History (0 events):
No events

Dll operation events (1 events):
Event: 0.006 Loaded shared library D:\OpenJDK17\jdk-17.0.13+11\bin\java.dll

Deoptimization events (0 events):
No events

Classes loaded (0 events):
No events

Classes unloaded (0 events):
No events

Classes redefined (0 events):
No events

Internal exceptions (0 events):
No events

VM Operations (0 events):
No events

Memory protections (0 events):
No events

Nmethod flushes (0 events):
No events

Events (0 events):
No events


Dynamic libraries:
0x00007ff6a4360000 - 0x00007ff6a436e000 	D:\OpenJDK17\jdk-17.0.13+11\bin\java.exe
0x00007fffdf1c0000 - 0x00007fffdf427000 	C:\WINDOWS\SYSTEM32\ntdll.dll
0x00007fffdd200000 - 0x00007fffdd2c9000 	C:\WINDOWS\System32\KERNEL32.DLL
0x00007fffdcb60000 - 0x00007fffdcf51000 	C:\WINDOWS\System32\KERNELBASE.dll
0x00007fffdca10000 - 0x00007fffdcb5b000 	C:\WINDOWS\System32\ucrtbase.dll
0x00007fffc4d70000 - 0x00007fffc4d87000 	D:\OpenJDK17\jdk-17.0.13+11\bin\jli.dll
0x00007fffc4c10000 - 0x00007fffc4c2e000 	D:\OpenJDK17\jdk-17.0.13+11\bin\VCRUNTIME140.dll
0x00007fffde0a0000 - 0x00007fffde265000 	C:\WINDOWS\System32\USER32.dll
0x00007fffc2c80000 - 0x00007fffc2f13000 	C:\WINDOWS\WinSxS\amd64_microsoft.windows.common-controls_6595b64144ccf1df_6.0.26100.7922_none_3e089e1ee3342171\COMCTL32.dll
0x00007fffdc870000 - 0x00007fffdc897000 	C:\WINDOWS\System32\win32u.dll
0x00007fffdd420000 - 0x00007fffdd4c9000 	C:\WINDOWS\System32\msvcrt.dll
0x00007fffddee0000 - 0x00007fffddf0b000 	C:\WINDOWS\System32\GDI32.dll
0x00007fffdbe20000 - 0x00007fffdbf4a000 	C:\WINDOWS\System32\gdi32full.dll
0x00007fffdc960000 - 0x00007fffdca03000 	C:\WINDOWS\System32\msvcp_win.dll
0x00007fffddc20000 - 0x00007fffddc51000 	C:\WINDOWS\System32\IMM32.DLL
0x00007fffc53a0000 - 0x00007fffc53ac000 	D:\OpenJDK17\jdk-17.0.13+11\bin\vcruntime140_1.dll
0x00007fffb3160000 - 0x00007fffb31ed000 	D:\OpenJDK17\jdk-17.0.13+11\bin\msvcp140.dll
0x00007fff72460000 - 0x00007fff730cb000 	D:\OpenJDK17\jdk-17.0.13+11\bin\server\jvm.dll
0x00007fffdd4d0000 - 0x00007fffdd58b000 	C:\WINDOWS\System32\ADVAPI32.dll
0x00007fffdde30000 - 0x00007fffdded7000 	C:\WINDOWS\System32\sechost.dll
0x00007fffdf060000 - 0x00007fffdf178000 	C:\WINDOWS\System32\RPCRT4.dll
0x00007fffddd40000 - 0x00007fffdddb4000 	C:\WINDOWS\System32\WS2_32.dll
0x00007fffdb920000 - 0x00007fffdb97e000 	C:\WINDOWS\SYSTEM32\POWRPROF.dll
0x00007fffc37a0000 - 0x00007fffc37ab000 	C:\WINDOWS\SYSTEM32\VERSION.dll
0x00007fffcf710000 - 0x00007fffcf745000 	C:\WINDOWS\SYSTEM32\WINMM.dll
0x00007fffdb900000 - 0x00007fffdb914000 	C:\WINDOWS\SYSTEM32\UMPDC.dll
0x00007fffda830000 - 0x00007fffda84b000 	C:\WINDOWS\SYSTEM32\kernel.appcore.dll
0x00007fffc4c00000 - 0x00007fffc4c0a000 	D:\OpenJDK17\jdk-17.0.13+11\bin\jimage.dll
0x00007fffd9b60000 - 0x00007fffd9da2000 	C:\WINDOWS\SYSTEM32\DBGHELP.DLL
0x00007fffdd590000 - 0x00007fffdd912000 	C:\WINDOWS\System32\combase.dll
0x00007fffddc60000 - 0x00007fffddd37000 	C:\WINDOWS\System32\OLEAUT32.dll
0x00007fffbea00000 - 0x00007fffbea3b000 	C:\WINDOWS\SYSTEM32\dbgcore.DLL
0x00007fffdc7c0000 - 0x00007fffdc865000 	C:\WINDOWS\System32\bcryptPrimitives.dll
0x00007fffbf410000 - 0x00007fffbf435000 	D:\OpenJDK17\jdk-17.0.13+11\bin\java.dll

dbghelp: loaded successfully - version: 4.0.5 - missing functions: none
symbol engine: initialized successfully - sym options: 0x614 - pdb path: .;D:\OpenJDK17\jdk-17.0.13+11\bin;C:\WINDOWS\SYSTEM32;C:\WINDOWS\WinSxS\amd64_microsoft.windows.common-controls_6595b64144ccf1df_6.0.26100.7922_none_3e089e1ee3342171;D:\OpenJDK17\jdk-17.0.13+11\bin\server

VM Arguments:
jvm_args: -Dorg.gradle.appname=gradlew 
java_command: org.gradle.wrapper.GradleWrapperMain -q -Ptarget-platform=android-arm64 -Ptarget=D:\clean_madurai_code\lib\main.dart -Pbase-application-name=android.app.Application -Pdart-defines=RkxVVFRFUl9WRVJTSU9OPTMuMzUuNQ==,RkxVVFRFUl9DSEFOTkVMPXN0YWJsZQ==,RkxVVFRFUl9HSVRfVVJMPWh0dHBzOi8vZ2l0aHViLmNvbS9mbHV0dGVyL2ZsdXR0ZXIuZ2l0,RkxVVFRFUl9GUkFNRVdPUktfUkVWSVNJT049YWM0ZTc5OWQyMw==,RkxVVFRFUl9FTkdJTkVfUkVWSVNJT049ZDNkNDVkY2YyNQ==,RkxVVFRFUl9EQVJUX1ZFUlNJT049My45LjI= -Pdart-obfuscation=false -Ptrack-widget-creation=true -Ptree-shake-icons=false -Pfilesystem-scheme=org-dartlang-root assembleDebug
java_class_path (initial): D:\clean_madurai_code\android\\gradle\wrapper\gradle-wrapper.jar
Launcher Type: SUN_STANDARD

[Global flags]
     intx CICompilerCount                          = 4                                         {product} {ergonomic}
     uint ConcGCThreads                            = 2                                         {product} {ergonomic}
     uint G1ConcRefinementThreads                  = 8                                         {product} {ergonomic}
   size_t G1HeapRegionSize                         = 1048576                                   {product} {ergonomic}
    uintx GCDrainStackTargetSize                   = 64                                        {product} {ergonomic}
   size_t InitialHeapSize                          = 130023424                                 {product} {ergonomic}
   size_t MarkStackSize                            = 4194304                                   {product} {ergonomic}
   size_t MaxHeapSize                              = 2065694720                                {product} {ergonomic}
   size_t MinHeapDeltaBytes                        = 1048576                                   {product} {ergonomic}
   size_t MinHeapSize                              = 8388608                                   {product} {ergonomic}
    uintx NonNMethodCodeHeapSize                   = 5839372                                {pd product} {ergonomic}
    uintx NonProfiledCodeHeapSize                  = 122909434                              {pd product} {ergonomic}
    uintx ProfiledCodeHeapSize                     = 122909434                              {pd product} {ergonomic}
    uintx ReservedCodeCacheSize                    = 251658240                              {pd product} {ergonomic}
     bool SegmentedCodeCache                       = true                                      {product} {ergonomic}
   size_t SoftMaxHeapSize                          = 2065694720                             {manageable} {ergonomic}
     bool UseCompressedClassPointers               = true                           {product lp64_product} {ergonomic}
     bool UseCompressedOops                        = true                           {product lp64_product} {ergonomic}
     bool UseG1GC                                  = true                                      {product} {ergonomic}
     bool UseLargePagesIndividualAllocation        = false                                  {pd product} {ergonomic}

Logging:
Log output configuration:
 #0: stdout all=warning uptime,level,tags
 #1: stderr all=off uptime,level,tags

Environment Variables:
JAVA_HOME=D:\OpenJDK17\jdk-17.0.13+11
CLASSPATH=D:\clean_madurai_code\android\\gradle\wrapper\gradle-wrapper.jar
PATH=D:\OpenJDK17\jdk-17.0.13+11\bin;D:\OpenJDK17\jdk-17.0.13+11;D:\mingw64\bin;C:\Windows;C:\Windows\System32\Wbem;C:\Windows\System32\WindowsPowerShell\v1.0\;C:\Windows\System32\OpenSSH\;D:\flutter\bin;C:\Program Files\Git\cmd;D:\Program Files\nodejs\;C:\WINDOWS\system32;C:\WINDOWS;C:\WINDOWS\System32\Wbem;C:\WINDOWS\System32\WindowsPowerShell\v1.0\;C:\WINDOWS\System32\OpenSSH\;C:\Users\genga.DHARAN\AppData\Local\Programs\Python\Python313\Scripts\;C:\Users\genga.DHARAN\AppData\Local\Programs\Python\Python313\;C:\Users\genga.DHARAN\AppData\Roaming\npm;D:\Users\genga.DHARAN\AppData\Local\Programs\Microsoft VS Code\bin;C:\Users\genga.DHARAN\AppData\Local\Microsoft\WindowsApps;D:\flutter\flutter\bin;C:\WINDOWS\System;D:\OpenJDK17\jdk-17.0.13+11\bin;D:\Scripts\;D:\;C:\WINDOWS\AtlasModules;C:\WINDOWS\AtlasModules\Tools;C:\WINDOWS\AtlasModules\Scripts;C:\Users\genga.DHARAN\AppData\Local\Programs\Python\Python310\Scripts\;C:\Users\genga.DHARAN\AppData\Local\Programs\Python\Python310\;C:\Users\genga.DHARAN\AppData\Local\Programs\Python\Python313\Scripts\;C:\Users\genga.DHARAN\AppData\Local\Programs\Python\Python313\;D:\OpenJDK17\jdk-17.0.13+11\bin;D:\OpenJDK17\jdk-17.0.13+11;D:\mingw64\bin;C:\Windows;C:\Windows\System32\Wbem;C:\Windows\System32\WindowsPowerShell\v1.0\;C:\Windows\System32\OpenSSH\;D:\flutter\bin;C:\Program Files\Git\cmd;D:\Program Files\nodejs\;C:\WINDOWS\system32;C:\WINDOWS;C:\WINDOWS\System32\Wbem;C:\WINDOWS\System32\WindowsPowerShell\v1.0\;C:\WINDOWS\System32\OpenSSH\;C:\Users\genga.DHARAN\AppData\Local\Programs\Python\Python313\Scripts\;C:\Users\genga.DHARAN\AppData\Local\Programs\Python\Python313\;C:\Users\genga.DHARAN\AppData\Roaming\npm;D:\Users\genga.DHARAN\AppData\Local\Programs\Microsoft VS Code\bin;C:\Users\genga.DHARAN\AppData\Local\Microsoft\WindowsApps;D:\flutter\flutter\bin;C:\WINDOWS\System;D:\OpenJDK17\jdk-17.0.13+11\bin;D:\Scripts\;D:\;C:\WINDOWS\AtlasModules;C:\WINDOWS\AtlasModules\Tools;C:\WINDOWS\AtlasModules\Scripts;D:\Users\genga.DHARAN\
USERNAME=genga
OS=Windows_NT
PROCESSOR_IDENTIFIER=Intel64 Family 6 Model 154 Stepping 4, GenuineIntel
TMP=C:\Users\GENGA~1.DHA\AppData\Local\Temp
TEMP=C:\Users\GENGA~1.DHA\AppData\Local\Temp



Periodic native trim disabled


---------------  S Y S T E M  ---------------

OS:
 Windows 11 , 64 bit Build 26100 (10.0.26100.7920)
OS uptime: 0 days 0:51 hours
Hyper-V role detected

CPU: total 8 (initial active 8) (4 cores per cpu, 2 threads per core) family 6 model 154 stepping 4 microcode 0x42c, cx8, cmov, fxsr, ht, mmx, 3dnowpref, sse, sse2, sse3, ssse3, sse4.1, sse4.2, popcnt, lzcnt, tsc, tscinvbit, avx, avx2, aes, erms, clmul, bmi1, bmi2, adx, sha, fma, vzeroupper, clflush, clflushopt, clwb, hv
Processor Information for processor 0
  Max Mhz: 1200, Current Mhz: 1200, Mhz Limit: 1200
Processor Information for processor 1
  Max Mhz: 1200, Current Mhz: 1200, Mhz Limit: 1200
Processor Information for processor 2
  Max Mhz: 1200, Current Mhz: 1200, Mhz Limit: 1200
Processor Information for processor 3
  Max Mhz: 1200, Current Mhz: 1200, Mhz Limit: 1200
Processor Information for processor 4
  Max Mhz: 1200, Current Mhz: 900, Mhz Limit: 900
Processor Information for processor 5
  Max Mhz: 1200, Current Mhz: 900, Mhz Limit: 900
Processor Information for processor 6
  Max Mhz: 1200, Current Mhz: 900, Mhz Limit: 900
Processor Information for processor 7
  Max Mhz: 1200, Current Mhz: 900, Mhz Limit: 900

Memory: 4k page, system-wide physical 7877M (803M free)
TotalPageFile size 12997M (AvailPageFile size 7M)
current process WorkingSet (physical memory assigned to process): 12M, peak: 12M
current process commit charge ("private bytes"): 54M, peak: 55M

vm_info: OpenJDK 64-Bit Server VM (17.0.13+11) for windows-amd64 JRE (17.0.13+11), built on Oct 16 2024 00:10:08 by "admin" with MS VC++ 17.7 (VS2022)

END.
